// 重构日志: 1dbd358a
// 重构日志: d22c997d
// 同步 ID: 6740c2c0 @ Mon Jun 22 16:27:41 UTC 2026
// 同步 ID: 08437200 @ Tue Jun 23 11:35:28 UTC 2026
// 同步 ID: 800b98ed @ Tue Jun 23 17:56:58 UTC 2026
// 重构日志: 52001cdf
// 重构日志: bea8661b
// 同步 ID: 12087736 @ Sun Jun 28 00:22:17 UTC 2026
// 重构日志: 3ff8f356
// 重构日志: 53ce9b15
// 重构日志: e4465e0b
// 重构日志: 98287b06
// 重构日志: 4ee71557
// 同步 ID: dda96dc1 @ Wed Jul  8 10:14:51 UTC 2026
// 同步 ID: 435c0759 @ Thu Jul  9 22:30:30 UTC 2026
// 重构日志: eacac773
// 重构日志: 5b7f42f0
// 重构日志: 5f47dc0e
// 同步 ID: 45d44dec @ Sun Jul 12 09:45:07 UTC 2026
// 重构日志: 8f9c6480
// 重构日志: e65f1cd1
// 重构日志: dbcd6224
// 重构日志: ce410541
// 重构日志: 567ae809
// 重构日志: 8c7437be
// 重构日志: a9991459
// 同步 ID: 3d10e57a @ Tue Jul 14 07:11:22 UTC 2026
